/home/frodo/public/ugls_lab-4.0.70/packages/cmake-3.17.1/bin/cmake -S/home/judeonyia/Documents/ECE596C_Assignments/ECE596C_Assgn_4/cpp_containers-JudeOnyia/cktmp/package-list_sane/source -B/home/judeonyia/Documents/ECE596C_Assignments/ECE596C_Assgn_4/cpp_containers-JudeOnyia/cktmp/package-list_sane/derived --check-build-system CMakeFiles/Makefile.cmake 0
/usr/bin/gmake  -f CMakeFiles/Makefile2 test_intrusive_list
gmake[1]: Entering directory `/home/judeonyia/Documents/ECE596C_Assignments/ECE596C_Assgn_4/cpp_containers-JudeOnyia/cktmp/package-list_sane/derived'
/home/frodo/public/ugls_lab-4.0.70/packages/cmake-3.17.1/bin/cmake -S/home/judeonyia/Documents/ECE596C_Assignments/ECE596C_Assgn_4/cpp_containers-JudeOnyia/cktmp/package-list_sane/source -B/home/judeonyia/Documents/ECE596C_Assignments/ECE596C_Assgn_4/cpp_containers-JudeOnyia/cktmp/package-list_sane/derived --check-build-system CMakeFiles/Makefile.cmake 0
/home/frodo/public/ugls_lab-4.0.70/packages/cmake-3.17.1/bin/cmake -E cmake_progress_start /home/judeonyia/Documents/ECE596C_Assignments/ECE596C_Assgn_4/cpp_containers-JudeOnyia/cktmp/package-list_sane/derived/CMakeFiles 2
/usr/bin/gmake  -f CMakeFiles/Makefile2 CMakeFiles/test_intrusive_list.dir/all
gmake[2]: Entering directory `/home/judeonyia/Documents/ECE596C_Assignments/ECE596C_Assgn_4/cpp_containers-JudeOnyia/cktmp/package-list_sane/derived'
/usr/bin/gmake  -f CMakeFiles/test_intrusive_list.dir/build.make CMakeFiles/test_intrusive_list.dir/depend
gmake[3]: Entering directory `/home/judeonyia/Documents/ECE596C_Assignments/ECE596C_Assgn_4/cpp_containers-JudeOnyia/cktmp/package-list_sane/derived'
cd /home/judeonyia/Documents/ECE596C_Assignments/ECE596C_Assgn_4/cpp_containers-JudeOnyia/cktmp/package-list_sane/derived && /home/frodo/public/ugls_lab-4.0.70/packages/cmake-3.17.1/bin/cmake -E cmake_depends "Unix Makefiles" /home/judeonyia/Documents/ECE596C_Assignments/ECE596C_Assgn_4/cpp_containers-JudeOnyia/cktmp/package-list_sane/source /home/judeonyia/Documents/ECE596C_Assignments/ECE596C_Assgn_4/cpp_containers-JudeOnyia/cktmp/package-list_sane/source /home/judeonyia/Documents/ECE596C_Assignments/ECE596C_Assgn_4/cpp_containers-JudeOnyia/cktmp/package-list_sane/derived /home/judeonyia/Documents/ECE596C_Assignments/ECE596C_Assgn_4/cpp_containers-JudeOnyia/cktmp/package-list_sane/derived /home/judeonyia/Documents/ECE596C_Assignments/ECE596C_Assgn_4/cpp_containers-JudeOnyia/cktmp/package-list_sane/derived/CMakeFiles/test_intrusive_list.dir/DependInfo.cmake --color=
Scanning dependencies of target test_intrusive_list
gmake[3]: Leaving directory `/home/judeonyia/Documents/ECE596C_Assignments/ECE596C_Assgn_4/cpp_containers-JudeOnyia/cktmp/package-list_sane/derived'
/usr/bin/gmake  -f CMakeFiles/test_intrusive_list.dir/build.make CMakeFiles/test_intrusive_list.dir/build
gmake[3]: Entering directory `/home/judeonyia/Documents/ECE596C_Assignments/ECE596C_Assgn_4/cpp_containers-JudeOnyia/cktmp/package-list_sane/derived'
[ 50%] Building CXX object CMakeFiles/test_intrusive_list.dir/app/test_intrusive_list.cpp.o
/home/frodo/public/ugls_lab-4.0.70/bin/c++   -I/home/judeonyia/Documents/ECE596C_Assignments/ECE596C_Assgn_4/cpp_containers-JudeOnyia/cktmp/package-list_sane/source/include  -pedantic-errors -std=gnu++17 -o CMakeFiles/test_intrusive_list.dir/app/test_intrusive_list.cpp.o -c /home/judeonyia/Documents/ECE596C_Assignments/ECE596C_Assgn_4/cpp_containers-JudeOnyia/cktmp/package-list_sane/source/app/test_intrusive_list.cpp
/home/judeonyia/Documents/ECE596C_Assignments/ECE596C_Assgn_4/cpp_containers-JudeOnyia/cktmp/package-list_sane/source/app/test_intrusive_list.cpp: In instantiation of ‘void test() [with T = Widget]’:
/home/judeonyia/Documents/ECE596C_Assignments/ECE596C_Assgn_4/cpp_containers-JudeOnyia/cktmp/package-list_sane/source/app/test_intrusive_list.cpp:211:15:   required from here
/home/judeonyia/Documents/ECE596C_Assignments/ECE596C_Assgn_4/cpp_containers-JudeOnyia/cktmp/package-list_sane/source/app/test_intrusive_list.cpp:51:21: error: no type named ‘iterator_category’ in ‘struct std::iterator_traits<ra::intrusive::list<Widget, &Widget::hook>::list_iterator>’
   51 |  static_assert(std::is_same_v<typename std::iterator_traits<
      |                ~~~~~^~~~~~~~~~~~~~~~~~~~~~~~~~~~~~~~~~~~~~~~
   52 |    typename list::iterator>::iterator_category,
      |    ~~~~~~~~~~~~~~~~~~~~~~~~~~~~~~~~~~~~~~~~~~~~
   53 |    std::bidirectional_iterator_tag>);
      |    ~~~~~~~~~~~~~~~~~~~~~~~~~~~~~~~~
/home/judeonyia/Documents/ECE596C_Assignments/ECE596C_Assgn_4/cpp_containers-JudeOnyia/cktmp/package-list_sane/source/app/test_intrusive_list.cpp:54:21: error: no type named ‘iterator_category’ in ‘struct std::iterator_traits<const ra::intrusive::list<Widget, &Widget::hook>::list_iterator>’
   54 |  static_assert(std::is_same_v<typename std::iterator_traits<
      |                ~~~~~^~~~~~~~~~~~~~~~~~~~~~~~~~~~~~~~~~~~~~~~
   55 |    typename list::const_iterator>::iterator_category,
      |    ~~~~~~~~~~~~~~~~~~~~~~~~~~~~~~~~~~~~~~~~~~~~~~~~~~
   56 |    std::bidirectional_iterator_tag>);
      |    ~~~~~~~~~~~~~~~~~~~~~~~~~~~~~~~~
/home/judeonyia/Documents/ECE596C_Assignments/ECE596C_Assgn_4/cpp_containers-JudeOnyia/cktmp/package-list_sane/source/app/test_intrusive_list.cpp:67:50: error: passing ‘const ra::intrusive::list<Widget, &Widget::hook>::list_iterator’ as ‘this’ argument discards qualifiers [-fpermissive]
   67 |    std::declval<typename list::const_iterator>() =
      |    ~~~~~~~~~~~~~~~~~~~~~~~~~~~~~~~~~~~~~~~~~~~~~~^
   68 |    std::declval<typename list::const_iterator>()),
      |    ~~~~~~~~~~~~~~~~~~~~~~~~~~~~~~~~~~~~~~~~~~~~~  
In file included from /home/judeonyia/Documents/ECE596C_Assignments/ECE596C_Assgn_4/cpp_containers-JudeOnyia/cktmp/package-list_sane/source/app/test_intrusive_list.cpp:3:
/home/judeonyia/Documents/ECE596C_Assignments/ECE596C_Assgn_4/cpp_containers-JudeOnyia/cktmp/package-list_sane/source/include/ra/intrusive_list.hpp:47:21: note:   in call to ‘ra::intrusive::list<T, Hook>::list_iterator& ra::intrusive::list<T, Hook>::list_iterator::operator=(const ra::intrusive::list<T, Hook>::list_iterator&) [with T = Widget; ra::intrusive::list_hook T::* Hook = &Widget::hook]’
   47 |      list_iterator& operator=(const list_iterator& other) {
      |                     ^~~~~~~~
/home/judeonyia/Documents/ECE596C_Assignments/ECE596C_Assgn_4/cpp_containers-JudeOnyia/cktmp/package-list_sane/source/app/test_intrusive_list.cpp:66:21: error: static assertion failed
   66 |  static_assert(std::is_same_v<decltype(
      |                ~~~~~^~~~~~~~~~~~~~~~~~~
   67 |    std::declval<typename list::const_iterator>() =
      |    ~~~~~~~~~~~~~~~~~~~~~~~~~~~~~~~~~~~~~~~~~~~~~~~
   68 |    std::declval<typename list::const_iterator>()),
      |    ~~~~~~~~~~~~~~~~~~~~~~~~~~~~~~~~~~~~~~~~~~~~~~~
   69 |    typename list::const_iterator&>);
      |    ~~~~~~~~~~~~~~~~~~~~~~~~~~~~~~~
/home/judeonyia/Documents/ECE596C_Assignments/ECE596C_Assgn_4/cpp_containers-JudeOnyia/cktmp/package-list_sane/source/app/test_intrusive_list.cpp:73:21: error: static assertion failed
   73 |  static_assert(std::is_same_v<decltype(
      |                ~~~~~^~~~~~~~~~~~~~~~~~~
   74 |    *std::declval<typename list::const_iterator>()), const T&>);
      |    ~~~~~~~~~~~~~~~~~~~~~~~~~~~~~~~~~~~~~~~~~~~~~~~~~~~~~~~~~~
/home/judeonyia/Documents/ECE596C_Assignments/ECE596C_Assgn_4/cpp_containers-JudeOnyia/cktmp/package-list_sane/source/app/test_intrusive_list.cpp:77:21: error: static assertion failed
   77 |  static_assert(std::is_same_v<decltype(
      |                ~~~~~^~~~~~~~~~~~~~~~~~~
   78 |    std::declval<typename list::const_iterator>().operator->()), const T*>);
      |    ~~~~~~~~~~~~~~~~~~~~~~~~~~~~~~~~~~~~~~~~~~~~~~~~~~~~~~~~~~~~~~~~~~~~~~
/home/judeonyia/Documents/ECE596C_Assignments/ECE596C_Assgn_4/cpp_containers-JudeOnyia/cktmp/package-list_sane/source/app/test_intrusive_list.cpp:80:21: error: static assertion failed
   80 |  static_assert(std::is_same_v<decltype(
      |                ~~~~~^~~~~~~~~~~~~~~~~~~
   81 |    ++std::declval<typename list::iterator>()), typename list::iterator&>);
      |    ~~~~~~~~~~~~~~~~~~~~~~~~~~~~~~~~~~~~~~~~~~~~~~~~~~~~~~~~~~~~~~~~~~~~~
/home/judeonyia/Documents/ECE596C_Assignments/ECE596C_Assgn_4/cpp_containers-JudeOnyia/cktmp/package-list_sane/source/app/test_intrusive_list.cpp:83:4: error: passing ‘const ra::intrusive::list<Widget, &Widget::hook>::list_iterator’ as ‘this’ argument discards qualifiers [-fpermissive]
   83 |    ++std::declval<typename list::const_iterator>()),
      |    ^~~~~~~~~~~~~~~~~~~~~~~~~~~~~~~~~~~~~~~~~~~~~~~
In file included from /home/judeonyia/Documents/ECE596C_Assignments/ECE596C_Assgn_4/cpp_containers-JudeOnyia/cktmp/package-list_sane/source/app/test_intrusive_list.cpp:3:
/home/judeonyia/Documents/ECE596C_Assignments/ECE596C_Assgn_4/cpp_containers-JudeOnyia/cktmp/package-list_sane/source/include/ra/intrusive_list.hpp:74:20: note:   in call to ‘ra::intrusive::list<T, Hook>::list_iterator ra::intrusive::list<T, Hook>::list_iterator::operator++() [with T = Widget; ra::intrusive::list_hook T::* Hook = &Widget::hook]’
   74 |      list_iterator operator++(){
      |                    ^~~~~~~~
/home/judeonyia/Documents/ECE596C_Assignments/ECE596C_Assgn_4/cpp_containers-JudeOnyia/cktmp/package-list_sane/source/app/test_intrusive_list.cpp:82:21: error: static assertion failed
   82 |  static_assert(std::is_same_v<decltype(
      |                ~~~~~^~~~~~~~~~~~~~~~~~~
   83 |    ++std::declval<typename list::const_iterator>()),
      |    ~~~~~~~~~~~~~~~~~~~~~~~~~~~~~~~~~~~~~~~~~~~~~~~~~
   84 |    typename list::const_iterator&>);
      |    ~~~~~~~~~~~~~~~~~~~~~~~~~~~~~~~
/home/judeonyia/Documents/ECE596C_Assignments/ECE596C_Assgn_4/cpp_containers-JudeOnyia/cktmp/package-list_sane/source/app/test_intrusive_list.cpp:92:21: error: static assertion failed
   92 |  static_assert(std::is_same_v<decltype(
      |                ~~~~~^~~~~~~~~~~~~~~~~~~
   93 |    --std::declval<typename list::iterator>()), typename list::iterator&>);
      |    ~~~~~~~~~~~~~~~~~~~~~~~~~~~~~~~~~~~~~~~~~~~~~~~~~~~~~~~~~~~~~~~~~~~~~
/home/judeonyia/Documents/ECE596C_Assignments/ECE596C_Assgn_4/cpp_containers-JudeOnyia/cktmp/package-list_sane/source/app/test_intrusive_list.cpp:95:4: error: passing ‘const ra::intrusive::list<Widget, &Widget::hook>::list_iterator’ as ‘this’ argument discards qualifiers [-fpermissive]
   95 |    --std::declval<typename list::const_iterator>()),
      |    ^~~~~~~~~~~~~~~~~~~~~~~~~~~~~~~~~~~~~~~~~~~~~~~
In file included from /home/judeonyia/Documents/ECE596C_Assignments/ECE596C_Assgn_4/cpp_containers-JudeOnyia/cktmp/package-list_sane/source/app/test_intrusive_list.cpp:3:
/home/judeonyia/Documents/ECE596C_Assignments/ECE596C_Assgn_4/cpp_containers-JudeOnyia/cktmp/package-list_sane/source/include/ra/intrusive_list.hpp:83:20: note:   in call to ‘ra::intrusive::list<T, Hook>::list_iterator ra::intrusive::list<T, Hook>::list_iterator::operator--() [with T = Widget; ra::intrusive::list_hook T::* Hook = &Widget::hook]’
   83 |      list_iterator operator--(){
      |                    ^~~~~~~~
/home/judeonyia/Documents/ECE596C_Assignments/ECE596C_Assgn_4/cpp_containers-JudeOnyia/cktmp/package-list_sane/source/app/test_intrusive_list.cpp:94:21: error: static assertion failed
   94 |  static_assert(std::is_same_v<decltype(
      |                ~~~~~^~~~~~~~~~~~~~~~~~~
   95 |    --std::declval<typename list::const_iterator>()),
      |    ~~~~~~~~~~~~~~~~~~~~~~~~~~~~~~~~~~~~~~~~~~~~~~~~~
   96 |    typename list::const_iterator&>);
      |    ~~~~~~~~~~~~~~~~~~~~~~~~~~~~~~~
/home/judeonyia/Documents/ECE596C_Assignments/ECE596C_Assgn_4/cpp_containers-JudeOnyia/cktmp/package-list_sane/source/app/test_intrusive_list.cpp:107:49: error: passing ‘const ra::intrusive::list<Widget, &Widget::hook>::list_iterator’ as ‘this’ argument discards qualifiers [-fpermissive]
  107 |    std::declval<typename list::const_iterator>()--),
      |    ~~~~~~~~~~~~~~~~~~~~~~~~~~~~~~~~~~~~~~~~~~~~~^~
In file included from /home/judeonyia/Documents/ECE596C_Assignments/ECE596C_Assgn_4/cpp_containers-JudeOnyia/cktmp/package-list_sane/source/app/test_intrusive_list.cpp:3:
/home/judeonyia/Documents/ECE596C_Assignments/ECE596C_Assgn_4/cpp_containers-JudeOnyia/cktmp/package-list_sane/source/include/ra/intrusive_list.hpp:87:20: note:   in call to ‘ra::intrusive::list<T, Hook>::list_iterator ra::intrusive::list<T, Hook>::list_iterator::operator--(int) [with T = Widget; ra::intrusive::list_hook T::* Hook = &Widget::hook]’
   87 |      list_iterator operator--(int){
      |                    ^~~~~~~~
/home/judeonyia/Documents/ECE596C_Assignments/ECE596C_Assgn_4/cpp_containers-JudeOnyia/cktmp/package-list_sane/source/app/test_intrusive_list.cpp:106:21: error: static assertion failed
  106 |  static_assert(std::is_same_v<decltype(
      |                ~~~~~^~~~~~~~~~~~~~~~~~~
  107 |    std::declval<typename list::const_iterator>()--),
      |    ~~~~~~~~~~~~~~~~~~~~~~~~~~~~~~~~~~~~~~~~~~~~~~~~~
  108 |    typename list::const_iterator>);
      |    ~~~~~~~~~~~~~~~~~~~~~~~~~~~~~~
/home/judeonyia/Documents/ECE596C_Assignments/ECE596C_Assgn_4/cpp_containers-JudeOnyia/cktmp/package-list_sane/source/app/test_intrusive_list.cpp:174:3: error: passing ‘ra::intrusive::list<Widget, &Widget::hook>::const_iterator’ {aka ‘const ra::intrusive::list<Widget, &Widget::hook>::list_iterator’} as ‘this’ argument discards qualifiers [-fpermissive]
  174 |   ++ci;
      |   ^~~~
In file included from /home/judeonyia/Documents/ECE596C_Assignments/ECE596C_Assgn_4/cpp_containers-JudeOnyia/cktmp/package-list_sane/source/app/test_intrusive_list.cpp:3:
/home/judeonyia/Documents/ECE596C_Assignments/ECE596C_Assgn_4/cpp_containers-JudeOnyia/cktmp/package-list_sane/source/include/ra/intrusive_list.hpp:74:20: note:   in call to ‘ra::intrusive::list<T, Hook>::list_iterator ra::intrusive::list<T, Hook>::list_iterator::operator++() [with T = Widget; ra::intrusive::list_hook T::* Hook = &Widget::hook]’
   74 |      list_iterator operator++(){
      |                    ^~~~~~~~
/home/judeonyia/Documents/ECE596C_Assignments/ECE596C_Assgn_4/cpp_containers-JudeOnyia/cktmp/package-list_sane/source/app/test_intrusive_list.cpp:176:3: error: passing ‘ra::intrusive::list<Widget, &Widget::hook>::const_iterator’ {aka ‘const ra::intrusive::list<Widget, &Widget::hook>::list_iterator’} as ‘this’ argument discards qualifiers [-fpermissive]
  176 |   --ci;
      |   ^~~~
In file included from /home/judeonyia/Documents/ECE596C_Assignments/ECE596C_Assgn_4/cpp_containers-JudeOnyia/cktmp/package-list_sane/source/app/test_intrusive_list.cpp:3:
/home/judeonyia/Documents/ECE596C_Assignments/ECE596C_Assgn_4/cpp_containers-JudeOnyia/cktmp/package-list_sane/source/include/ra/intrusive_list.hpp:83:20: note:   in call to ‘ra::intrusive::list<T, Hook>::list_iterator ra::intrusive::list<T, Hook>::list_iterator::operator--() [with T = Widget; ra::intrusive::list_hook T::* Hook = &Widget::hook]’
   83 |      list_iterator operator--(){
      |                    ^~~~~~~~
/home/judeonyia/Documents/ECE596C_Assignments/ECE596C_Assgn_4/cpp_containers-JudeOnyia/cktmp/package-list_sane/source/app/test_intrusive_list.cpp:180:6: error: passing ‘ra::intrusive::list<Widget, &Widget::hook>::const_iterator’ {aka ‘const ra::intrusive::list<Widget, &Widget::hook>::list_iterator’} as ‘this’ argument discards qualifiers [-fpermissive]
  180 |   ci = cl.end();
In file included from /home/judeonyia/Documents/ECE596C_Assignments/ECE596C_Assgn_4/cpp_containers-JudeOnyia/cktmp/package-list_sane/source/app/test_intrusive_list.cpp:3:
/home/judeonyia/Documents/ECE596C_Assignments/ECE596C_Assgn_4/cpp_containers-JudeOnyia/cktmp/package-list_sane/source/include/ra/intrusive_list.hpp:47:21: note:   in call to ‘ra::intrusive::list<T, Hook>::list_iterator& ra::intrusive::list<T, Hook>::list_iterator::operator=(const ra::intrusive::list<T, Hook>::list_iterator&) [with T = Widget; ra::intrusive::list_hook T::* Hook = &Widget::hook]’
   47 |      list_iterator& operator=(const list_iterator& other) {
      |                     ^~~~~~~~
/home/judeonyia/Documents/ECE596C_Assignments/ECE596C_Assgn_4/cpp_containers-JudeOnyia/cktmp/package-list_sane/source/app/test_intrusive_list.cpp: In instantiation of ‘void test() [with T = Gadget]’:
/home/judeonyia/Documents/ECE596C_Assignments/ECE596C_Assgn_4/cpp_containers-JudeOnyia/cktmp/package-list_sane/source/app/test_intrusive_list.cpp:212:15:   required from here
/home/judeonyia/Documents/ECE596C_Assignments/ECE596C_Assgn_4/cpp_containers-JudeOnyia/cktmp/package-list_sane/source/app/test_intrusive_list.cpp:51:21: error: no type named ‘iterator_category’ in ‘struct std::iterator_traits<ra::intrusive::list<Gadget, &Gadget::hook>::list_iterator>’
   51 |  static_assert(std::is_same_v<typename std::iterator_traits<
      |                ~~~~~^~~~~~~~~~~~~~~~~~~~~~~~~~~~~~~~~~~~~~~~
   52 |    typename list::iterator>::iterator_category,
      |    ~~~~~~~~~~~~~~~~~~~~~~~~~~~~~~~~~~~~~~~~~~~~
   53 |    std::bidirectional_iterator_tag>);
      |    ~~~~~~~~~~~~~~~~~~~~~~~~~~~~~~~~
/home/judeonyia/Documents/ECE596C_Assignments/ECE596C_Assgn_4/cpp_containers-JudeOnyia/cktmp/package-list_sane/source/app/test_intrusive_list.cpp:54:21: error: no type named ‘iterator_category’ in ‘struct std::iterator_traits<const ra::intrusive::list<Gadget, &Gadget::hook>::list_iterator>’
   54 |  static_assert(std::is_same_v<typename std::iterator_traits<
      |                ~~~~~^~~~~~~~~~~~~~~~~~~~~~~~~~~~~~~~~~~~~~~~
   55 |    typename list::const_iterator>::iterator_category,
      |    ~~~~~~~~~~~~~~~~~~~~~~~~~~~~~~~~~~~~~~~~~~~~~~~~~~
   56 |    std::bidirectional_iterator_tag>);
      |    ~~~~~~~~~~~~~~~~~~~~~~~~~~~~~~~~
/home/judeonyia/Documents/ECE596C_Assignments/ECE596C_Assgn_4/cpp_containers-JudeOnyia/cktmp/package-list_sane/source/app/test_intrusive_list.cpp:67:50: error: passing ‘const ra::intrusive::list<Gadget, &Gadget::hook>::list_iterator’ as ‘this’ argument discards qualifiers [-fpermissive]
   67 |    std::declval<typename list::const_iterator>() =
      |    ~~~~~~~~~~~~~~~~~~~~~~~~~~~~~~~~~~~~~~~~~~~~~~^
   68 |    std::declval<typename list::const_iterator>()),
      |    ~~~~~~~~~~~~~~~~~~~~~~~~~~~~~~~~~~~~~~~~~~~~~  
In file included from /home/judeonyia/Documents/ECE596C_Assignments/ECE596C_Assgn_4/cpp_containers-JudeOnyia/cktmp/package-list_sane/source/app/test_intrusive_list.cpp:3:
/home/judeonyia/Documents/ECE596C_Assignments/ECE596C_Assgn_4/cpp_containers-JudeOnyia/cktmp/package-list_sane/source/include/ra/intrusive_list.hpp:47:21: note:   in call to ‘ra::intrusive::list<T, Hook>::list_iterator& ra::intrusive::list<T, Hook>::list_iterator::operator=(const ra::intrusive::list<T, Hook>::list_iterator&) [with T = Gadget; ra::intrusive::list_hook T::* Hook = &Gadget::hook]’
   47 |      list_iterator& operator=(const list_iterator& other) {
      |                     ^~~~~~~~
/home/judeonyia/Documents/ECE596C_Assignments/ECE596C_Assgn_4/cpp_containers-JudeOnyia/cktmp/package-list_sane/source/app/test_intrusive_list.cpp:66:21: error: static assertion failed
   66 |  static_assert(std::is_same_v<decltype(
      |                ~~~~~^~~~~~~~~~~~~~~~~~~
   67 |    std::declval<typename list::const_iterator>() =
      |    ~~~~~~~~~~~~~~~~~~~~~~~~~~~~~~~~~~~~~~~~~~~~~~~
   68 |    std::declval<typename list::const_iterator>()),
      |    ~~~~~~~~~~~~~~~~~~~~~~~~~~~~~~~~~~~~~~~~~~~~~~~
   69 |    typename list::const_iterator&>);
      |    ~~~~~~~~~~~~~~~~~~~~~~~~~~~~~~~
/home/judeonyia/Documents/ECE596C_Assignments/ECE596C_Assgn_4/cpp_containers-JudeOnyia/cktmp/package-list_sane/source/app/test_intrusive_list.cpp:73:21: error: static assertion failed
   73 |  static_assert(std::is_same_v<decltype(
      |                ~~~~~^~~~~~~~~~~~~~~~~~~
   74 |    *std::declval<typename list::const_iterator>()), const T&>);
      |    ~~~~~~~~~~~~~~~~~~~~~~~~~~~~~~~~~~~~~~~~~~~~~~~~~~~~~~~~~~
/home/judeonyia/Documents/ECE596C_Assignments/ECE596C_Assgn_4/cpp_containers-JudeOnyia/cktmp/package-list_sane/source/app/test_intrusive_list.cpp:77:21: error: static assertion failed
   77 |  static_assert(std::is_same_v<decltype(
      |                ~~~~~^~~~~~~~~~~~~~~~~~~
   78 |    std::declval<typename list::const_iterator>().operator->()), const T*>);
      |    ~~~~~~~~~~~~~~~~~~~~~~~~~~~~~~~~~~~~~~~~~~~~~~~~~~~~~~~~~~~~~~~~~~~~~~
/home/judeonyia/Documents/ECE596C_Assignments/ECE596C_Assgn_4/cpp_containers-JudeOnyia/cktmp/package-list_sane/source/app/test_intrusive_list.cpp:80:21: error: static assertion failed
   80 |  static_assert(std::is_same_v<decltype(
      |                ~~~~~^~~~~~~~~~~~~~~~~~~
   81 |    ++std::declval<typename list::iterator>()), typename list::iterator&>);
      |    ~~~~~~~~~~~~~~~~~~~~~~~~~~~~~~~~~~~~~~~~~~~~~~~~~~~~~~~~~~~~~~~~~~~~~
/home/judeonyia/Documents/ECE596C_Assignments/ECE596C_Assgn_4/cpp_containers-JudeOnyia/cktmp/package-list_sane/source/app/test_intrusive_list.cpp:83:4: error: passing ‘const ra::intrusive::list<Gadget, &Gadget::hook>::list_iterator’ as ‘this’ argument discards qualifiers [-fpermissive]
   83 |    ++std::declval<typename list::const_iterator>()),
      |    ^~~~~~~~~~~~~~~~~~~~~~~~~~~~~~~~~~~~~~~~~~~~~~~
In file included from /home/judeonyia/Documents/ECE596C_Assignments/ECE596C_Assgn_4/cpp_containers-JudeOnyia/cktmp/package-list_sane/source/app/test_intrusive_list.cpp:3:
/home/judeonyia/Documents/ECE596C_Assignments/ECE596C_Assgn_4/cpp_containers-JudeOnyia/cktmp/package-list_sane/source/include/ra/intrusive_list.hpp:74:20: note:   in call to ‘ra::intrusive::list<T, Hook>::list_iterator ra::intrusive::list<T, Hook>::list_iterator::operator++() [with T = Gadget; ra::intrusive::list_hook T::* Hook = &Gadget::hook]’
   74 |      list_iterator operator++(){
      |                    ^~~~~~~~
/home/judeonyia/Documents/ECE596C_Assignments/ECE596C_Assgn_4/cpp_containers-JudeOnyia/cktmp/package-list_sane/source/app/test_intrusive_list.cpp:82:21: error: static assertion failed
   82 |  static_assert(std::is_same_v<decltype(
      |                ~~~~~^~~~~~~~~~~~~~~~~~~
   83 |    ++std::declval<typename list::const_iterator>()),
      |    ~~~~~~~~~~~~~~~~~~~~~~~~~~~~~~~~~~~~~~~~~~~~~~~~~
   84 |    typename list::const_iterator&>);
      |    ~~~~~~~~~~~~~~~~~~~~~~~~~~~~~~~
/home/judeonyia/Documents/ECE596C_Assignments/ECE596C_Assgn_4/cpp_containers-JudeOnyia/cktmp/package-list_sane/source/app/test_intrusive_list.cpp:92:21: error: static assertion failed
   92 |  static_assert(std::is_same_v<decltype(
      |                ~~~~~^~~~~~~~~~~~~~~~~~~
   93 |    --std::declval<typename list::iterator>()), typename list::iterator&>);
      |    ~~~~~~~~~~~~~~~~~~~~~~~~~~~~~~~~~~~~~~~~~~~~~~~~~~~~~~~~~~~~~~~~~~~~~
/home/judeonyia/Documents/ECE596C_Assignments/ECE596C_Assgn_4/cpp_containers-JudeOnyia/cktmp/package-list_sane/source/app/test_intrusive_list.cpp:95:4: error: passing ‘const ra::intrusive::list<Gadget, &Gadget::hook>::list_iterator’ as ‘this’ argument discards qualifiers [-fpermissive]
   95 |    --std::declval<typename list::const_iterator>()),
      |    ^~~~~~~~~~~~~~~~~~~~~~~~~~~~~~~~~~~~~~~~~~~~~~~
In file included from /home/judeonyia/Documents/ECE596C_Assignments/ECE596C_Assgn_4/cpp_containers-JudeOnyia/cktmp/package-list_sane/source/app/test_intrusive_list.cpp:3:
/home/judeonyia/Documents/ECE596C_Assignments/ECE596C_Assgn_4/cpp_containers-JudeOnyia/cktmp/package-list_sane/source/include/ra/intrusive_list.hpp:83:20: note:   in call to ‘ra::intrusive::list<T, Hook>::list_iterator ra::intrusive::list<T, Hook>::list_iterator::operator--() [with T = Gadget; ra::intrusive::list_hook T::* Hook = &Gadget::hook]’
   83 |      list_iterator operator--(){
      |                    ^~~~~~~~
/home/judeonyia/Documents/ECE596C_Assignments/ECE596C_Assgn_4/cpp_containers-JudeOnyia/cktmp/package-list_sane/source/app/test_intrusive_list.cpp:94:21: error: static assertion failed
   94 |  static_assert(std::is_same_v<decltype(
      |                ~~~~~^~~~~~~~~~~~~~~~~~~
   95 |    --std::declval<typename list::const_iterator>()),
      |    ~~~~~~~~~~~~~~~~~~~~~~~~~~~~~~~~~~~~~~~~~~~~~~~~~
   96 |    typename list::const_iterator&>);
      |    ~~~~~~~~~~~~~~~~~~~~~~~~~~~~~~~
/home/judeonyia/Documents/ECE596C_Assignments/ECE596C_Assgn_4/cpp_containers-JudeOnyia/cktmp/package-list_sane/source/app/test_intrusive_list.cpp:107:49: error: passing ‘const ra::intrusive::list<Gadget, &Gadget::hook>::list_iterator’ as ‘this’ argument discards qualifiers [-fpermissive]
  107 |    std::declval<typename list::const_iterator>()--),
      |    ~~~~~~~~~~~~~~~~~~~~~~~~~~~~~~~~~~~~~~~~~~~~~^~
In file included from /home/judeonyia/Documents/ECE596C_Assignments/ECE596C_Assgn_4/cpp_containers-JudeOnyia/cktmp/package-list_sane/source/app/test_intrusive_list.cpp:3:
/home/judeonyia/Documents/ECE596C_Assignments/ECE596C_Assgn_4/cpp_containers-JudeOnyia/cktmp/package-list_sane/source/include/ra/intrusive_list.hpp:87:20: note:   in call to ‘ra::intrusive::list<T, Hook>::list_iterator ra::intrusive::list<T, Hook>::list_iterator::operator--(int) [with T = Gadget; ra::intrusive::list_hook T::* Hook = &Gadget::hook]’
   87 |      list_iterator operator--(int){
      |                    ^~~~~~~~
/home/judeonyia/Documents/ECE596C_Assignments/ECE596C_Assgn_4/cpp_containers-JudeOnyia/cktmp/package-list_sane/source/app/test_intrusive_list.cpp:106:21: error: static assertion failed
  106 |  static_assert(std::is_same_v<decltype(
      |                ~~~~~^~~~~~~~~~~~~~~~~~~
  107 |    std::declval<typename list::const_iterator>()--),
      |    ~~~~~~~~~~~~~~~~~~~~~~~~~~~~~~~~~~~~~~~~~~~~~~~~~
  108 |    typename list::const_iterator>);
      |    ~~~~~~~~~~~~~~~~~~~~~~~~~~~~~~
/home/judeonyia/Documents/ECE596C_Assignments/ECE596C_Assgn_4/cpp_containers-JudeOnyia/cktmp/package-list_sane/source/app/test_intrusive_list.cpp:174:3: error: passing ‘ra::intrusive::list<Gadget, &Gadget::hook>::const_iterator’ {aka ‘const ra::intrusive::list<Gadget, &Gadget::hook>::list_iterator’} as ‘this’ argument discards qualifiers [-fpermissive]
  174 |   ++ci;
      |   ^~~~
In file included from /home/judeonyia/Documents/ECE596C_Assignments/ECE596C_Assgn_4/cpp_containers-JudeOnyia/cktmp/package-list_sane/source/app/test_intrusive_list.cpp:3:
/home/judeonyia/Documents/ECE596C_Assignments/ECE596C_Assgn_4/cpp_containers-JudeOnyia/cktmp/package-list_sane/source/include/ra/intrusive_list.hpp:74:20: note:   in call to ‘ra::intrusive::list<T, Hook>::list_iterator ra::intrusive::list<T, Hook>::list_iterator::operator++() [with T = Gadget; ra::intrusive::list_hook T::* Hook = &Gadget::hook]’
   74 |      list_iterator operator++(){
      |                    ^~~~~~~~
/home/judeonyia/Documents/ECE596C_Assignments/ECE596C_Assgn_4/cpp_containers-JudeOnyia/cktmp/package-list_sane/source/app/test_intrusive_list.cpp:176:3: error: passing ‘ra::intrusive::list<Gadget, &Gadget::hook>::const_iterator’ {aka ‘const ra::intrusive::list<Gadget, &Gadget::hook>::list_iterator’} as ‘this’ argument discards qualifiers [-fpermissive]
  176 |   --ci;
      |   ^~~~
In file included from /home/judeonyia/Documents/ECE596C_Assignments/ECE596C_Assgn_4/cpp_containers-JudeOnyia/cktmp/package-list_sane/source/app/test_intrusive_list.cpp:3:
/home/judeonyia/Documents/ECE596C_Assignments/ECE596C_Assgn_4/cpp_containers-JudeOnyia/cktmp/package-list_sane/source/include/ra/intrusive_list.hpp:83:20: note:   in call to ‘ra::intrusive::list<T, Hook>::list_iterator ra::intrusive::list<T, Hook>::list_iterator::operator--() [with T = Gadget; ra::intrusive::list_hook T::* Hook = &Gadget::hook]’
   83 |      list_iterator operator--(){
      |                    ^~~~~~~~
/home/judeonyia/Documents/ECE596C_Assignments/ECE596C_Assgn_4/cpp_containers-JudeOnyia/cktmp/package-list_sane/source/app/test_intrusive_list.cpp:180:6: error: passing ‘ra::intrusive::list<Gadget, &Gadget::hook>::const_iterator’ {aka ‘const ra::intrusive::list<Gadget, &Gadget::hook>::list_iterator’} as ‘this’ argument discards qualifiers [-fpermissive]
  180 |   ci = cl.end();
In file included from /home/judeonyia/Documents/ECE596C_Assignments/ECE596C_Assgn_4/cpp_containers-JudeOnyia/cktmp/package-list_sane/source/app/test_intrusive_list.cpp:3:
/home/judeonyia/Documents/ECE596C_Assignments/ECE596C_Assgn_4/cpp_containers-JudeOnyia/cktmp/package-list_sane/source/include/ra/intrusive_list.hpp:47:21: note:   in call to ‘ra::intrusive::list<T, Hook>::list_iterator& ra::intrusive::list<T, Hook>::list_iterator::operator=(const ra::intrusive::list<T, Hook>::list_iterator&) [with T = Gadget; ra::intrusive::list_hook T::* Hook = &Gadget::hook]’
   47 |      list_iterator& operator=(const list_iterator& other) {
      |                     ^~~~~~~~
gmake[3]: *** [CMakeFiles/test_intrusive_list.dir/app/test_intrusive_list.cpp.o] Error 1
gmake[3]: Leaving directory `/home/judeonyia/Documents/ECE596C_Assignments/ECE596C_Assgn_4/cpp_containers-JudeOnyia/cktmp/package-list_sane/derived'
gmake[2]: *** [CMakeFiles/test_intrusive_list.dir/all] Error 2
gmake[2]: Leaving directory `/home/judeonyia/Documents/ECE596C_Assignments/ECE596C_Assgn_4/cpp_containers-JudeOnyia/cktmp/package-list_sane/derived'
gmake[1]: *** [CMakeFiles/test_intrusive_list.dir/rule] Error 2
gmake[1]: Leaving directory `/home/judeonyia/Documents/ECE596C_Assignments/ECE596C_Assgn_4/cpp_containers-JudeOnyia/cktmp/package-list_sane/derived'
gmake: *** [test_intrusive_list] Error 2
ERROR: build failed to generate executable test_intrusive_list
